<?xml version="1.0" encoding="UTF-8"?>
<testsuite name="com.bigbank.loan.calc.LoanCalculatorBoundaryTest" tests="4" skipped="0" failures="0" errors="0" timestamp="2023-08-02T19:59:13" hostname="DESKTOP-Q4QNSOT" time="14.204">
  <properties/>
  <testcase name="shouldHandleMaxValues()" classname="com.bigbank.loan.calc.LoanCalculatorBoundaryTest" time="6.187"/>
  <testcase name="shouldHandleBiggerValues()" classname="com.bigbank.loan.calc.LoanCalculatorBoundaryTest" time="2.622"/>
  <testcase name="shouldHandleMinValues()" classname="com.bigbank.loan.calc.LoanCalculatorBoundaryTest" time="2.566"/>
  <testcase name="shouldHandleSmallerValues()" classname="com.bigbank.loan.calc.LoanCalculatorBoundaryTest" time="2.821"/>
  <system-out><![CDATA[]]></system-out>
  <system-err><![CDATA[[Test worker] INFO com.codeborne.selenide.impl.WebDriverThreadLocalContainer - No webdriver is bound to current thread: 1 - let's create a new webdriver
[Test worker] INFO com.codeborne.selenide.impl.FileHelper - Creating folder: C:\Users\Igor\IdeaProjects\LoanCalculator\build\downloads\1691006353169_27480_1
[Test worker] INFO io.github.bonigarcia.wdm.WebDriverManager - Using chromedriver 115.0.5790.102 (resolved driver for Chrome 115)
[Test worker] INFO io.github.bonigarcia.wdm.WebDriverManager - Exporting webdriver.chrome.driver as C:\Users\Igor\.cache\selenium\chromedriver\win64\115.0.5790.102\chromedriver.exe
Aug 02, 2023 10:59:13 PM org.openqa.selenium.remote.service.DriverService$Builder getLogOutput
INFO: Driver logs no longer sent to console by default; https://www.selenium.dev/documentation/webdriver/drivers/service/#setting-log-output
[Test worker] INFO com.codeborne.selenide.webdriver.SelenideNettyClientFactory - Changed readTimeout from PT3M to PT1M30S
[Test worker] INFO com.codeborne.selenide.webdriver.SelenideNettyClientFactory - Changed readTimeout from PT3M to PT1M30S
[Test worker] INFO com.codeborne.selenide.webdriver.SelenideNettyClientFactory - Changed readTimeout from PT3M to PT1M30S
Aug 02, 2023 10:59:15 PM org.openqa.selenium.devtools.CdpVersionFinder findNearestMatch
WARNING: Unable to find an exact match for CDP version 115, so returning the closest version found: 114
[Test worker] INFO com.codeborne.selenide.webdriver.WebDriverFactory - BrowserName=chrome Version=115.0.5790.110 Platform=windows
[Test worker] INFO com.codeborne.selenide.webdriver.WebDriverFactory - Selenide v. 6.16.0
[Test worker] INFO com.codeborne.selenide.webdriver.WebDriverFactory - Selenium WebDriver v. 4.10.0 build revision: c14d967899
[Test worker] INFO com.codeborne.selenide.drivercommands.CreateDriverCommand - Created webdriver in thread 1: ChromeDriver -> ChromeDriver: chrome on windows (89b652ca500bd12df403e115bd5c8532)
[Test worker] INFO com.codeborne.selenide.drivercommands.DisposablesRegistry - Register WebDriverInstance[config=StaticConfig,webDriver=ChromeDriver: chrome on windows (89b652ca500bd12df403e115bd5c8532),proxy=null,downloadsFolder=C:\Users\Igor\IdeaProjects\LoanCalculator\build\downloads\1691006353169_27480_1] in 1 [size=1]
[Test worker] INFO com.codeborne.selenide.drivercommands.DisposablesRegistry - Add shutdown hook in 1 [size=1]
[Test worker] INFO com.codeborne.selenide.logevents.SimpleReport - Report for [engine:junit-jupiter]/[class:com.bigbank.loan.calc.LoanCalculatorBoundaryTest]/[method:shouldHandleMaxValues()]
+---------------------------------------------------------+----------------------------------+------------+------------+
| Element                                                 | Subject                          | Status     | ms.        |
+---------------------------------------------------------+----------------------------------+------------+------------+
| open                                                    | https://laenutaotlus.bigbank.ee/ | PASS       | 3529       |
|   webdriver                                             | create()                         | PASS       | 2276       |
| By.name: header-calculator-amount                       | double click()                   | PASS       | 504        |
| By.name: header-calculator-amount                       | send keys()                     | PASS       | 34         |
| By.name: header-calculator-amount                       | set value(30000)                 | PASS       | 86         |
| By.name: header-calculator-period                       | double click()                   | PASS       | 170        |
| By.name: header-calculator-period                       | send keys()                     | PASS       | 23         |
| By.name: header-calculator-period                       | set value(120)                   | PASS       | 74         |
| .bb-labeled-value__value                                | click()                          | PASS       | 554        |
| .bb-calculator-modal__submit-button > .bb-button__label | click()                          | PASS       | 62         |
| By.name: header-calculator-amount                       | get value()                      | PASS       | 17         |
| By.name: header-calculator-period                       | get value()                      | PASS       | 17         |
+---------------------------------------------------------+----------------------------------+------------+------------+

[Test worker] INFO com.codeborne.selenide.logevents.SimpleReport - Report for [engine:junit-jupiter]/[class:com.bigbank.loan.calc.LoanCalculatorBoundaryTest]/[method:shouldHandleBiggerValues()]
+-----------------------------------+----------------------------------+------------+------------+
| Element                           | Subject                          | Status     | ms.        |
+-----------------------------------+----------------------------------+------------+------------+
| open                              | https://laenutaotlus.bigbank.ee/ | PASS       | 308        |
| By.name: header-calculator-amount | double click()                   | PASS       | 373        |
| By.name: header-calculator-amount | send keys()                     | PASS       | 23         |
| By.name: header-calculator-amount | set value(2400000)               | PASS       | 68         |
| By.name: header-calculator-period | double click()                   | PASS       | 163        |
| By.name: header-calculator-period | send keys()                     | PASS       | 27         |
| By.name: header-calculator-period | set value(2000)                  | PASS       | 74         |
| .bb-labeled-value__value          | click()                          | PASS       | 534        |
| By.name: header-calculator-amount | get value()                      | PASS       | 15         |
| By.name: header-calculator-period | get value()                      | PASS       | 16         |
+-----------------------------------+----------------------------------+------------+------------+

[Test worker] INFO com.codeborne.selenide.logevents.SimpleReport - Report for [engine:junit-jupiter]/[class:com.bigbank.loan.calc.LoanCalculatorBoundaryTest]/[method:shouldHandleMinValues()]
+---------------------------------------------------------+----------------------------------+------------+------------+
| Element                                                 | Subject                          | Status     | ms.        |
+---------------------------------------------------------+----------------------------------+------------+------------+
| open                                                    | https://laenutaotlus.bigbank.ee/ | PASS       | 225        |
| By.name: header-calculator-amount                       | double click()                   | PASS       | 360        |
| By.name: header-calculator-amount                       | send keys()                     | PASS       | 22         |
| By.name: header-calculator-amount                       | set value(500)                   | PASS       | 69         |
| By.name: header-calculator-period                       | double click()                   | PASS       | 150        |
| By.name: header-calculator-period                       | send keys()                     | PASS       | 22         |
| By.name: header-calculator-period                       | set value(6)                     | PASS       | 75         |
| .bb-labeled-value__value                                | click()                          | PASS       | 548        |
| .bb-calculator-modal__submit-button > .bb-button__label | click()                          | PASS       | 49         |
| By.name: header-calculator-amount                       | get value()                      | PASS       | 15         |
| By.name: header-calculator-period                       | get value()                      | PASS       | 12         |
+---------------------------------------------------------+----------------------------------+------------+------------+

[Test worker] INFO com.codeborne.selenide.logevents.SimpleReport - Report for [engine:junit-jupiter]/[class:com.bigbank.loan.calc.LoanCalculatorBoundaryTest]/[method:shouldHandleSmallerValues()]
+-----------------------------------+----------------------------------+------------+------------+
| Element                           | Subject                          | Status     | ms.        |
+-----------------------------------+----------------------------------+------------+------------+
| open                              | https://laenutaotlus.bigbank.ee/ | PASS       | 220        |
| By.name: header-calculator-amount | double click()                   | PASS       | 394        |
| By.name: header-calculator-amount | send keys()                     | PASS       | 21         |
| By.name: header-calculator-amount | set value(400)                   | PASS       | 57         |
| By.name: header-calculator-period | double click()                   | PASS       | 168        |
| By.name: header-calculator-period | send keys()                     | PASS       | 28         |
| By.name: header-calculator-period | set value(4)                     | PASS       | 70         |
| .bb-labeled-value__value          | click()                          | PASS       | 808        |
| By.name: header-calculator-amount | get value()                      | PASS       | 16         |
| By.name: header-calculator-period | get value()                      | PASS       | 13         |
+-----------------------------------+----------------------------------+------------+------------+

]]></system-err>
</testsuite>
