<?xml version="1.0" encoding="UTF-8"?>
<testsuite name="com.bigbank.loan.calc.LoanCalculatorBoundaryTest" tests="4" skipped="0" failures="0" errors="0" timestamp="2023-08-02T23:35:26" hostname="DESKTOP-Q4QNSOT" time="14.053">
  <properties/>
  <testcase name="shouldHandleMaxValues()" classname="com.bigbank.loan.calc.LoanCalculatorBoundaryTest" time="6.28"/>
  <testcase name="shouldHandleBiggerValues()" classname="com.bigbank.loan.calc.LoanCalculatorBoundaryTest" time="2.841"/>
  <testcase name="shouldHandleMinValues()" classname="com.bigbank.loan.calc.LoanCalculatorBoundaryTest" time="2.878"/>
  <testcase name="shouldHandleSmallerValues()" classname="com.bigbank.loan.calc.LoanCalculatorBoundaryTest" time="2.048"/>
  <system-out><![CDATA[]]></system-out>
  <system-err><![CDATA[[Test worker] INFO com.codeborne.selenide.impl.WebDriverThreadLocalContainer - No webdriver is bound to current thread: 1 - let's create a new webdriver
[Test worker] INFO com.codeborne.selenide.impl.FileHelper - Creating folder: C:\Users\Igor\IdeaProjects\LoanCalculator\build\downloads\1691019326437_22884_1
[Test worker] INFO io.github.bonigarcia.wdm.WebDriverManager - Using chromedriver 115.0.5790.102 (resolved driver for Chrome 115)
[Test worker] INFO io.github.bonigarcia.wdm.WebDriverManager - Exporting webdriver.chrome.driver as C:\Users\Igor\.cache\selenium\chromedriver\win64\115.0.5790.102\chromedriver.exe
Aug 03, 2023 2:35:26 AM org.openqa.selenium.remote.service.DriverService$Builder getLogOutput
INFO: Driver logs no longer sent to console by default; https://www.selenium.dev/documentation/webdriver/drivers/service/#setting-log-output
[Test worker] INFO com.codeborne.selenide.webdriver.SelenideNettyClientFactory - Changed readTimeout from PT3M to PT1M30S
[Test worker] INFO com.codeborne.selenide.webdriver.SelenideNettyClientFactory - Changed readTimeout from PT3M to PT1M30S
[Test worker] INFO com.codeborne.selenide.webdriver.SelenideNettyClientFactory - Changed readTimeout from PT3M to PT1M30S
Aug 03, 2023 2:35:28 AM org.openqa.selenium.devtools.CdpVersionFinder findNearestMatch
WARNING: Unable to find an exact match for CDP version 115, so returning the closest version found: 114
[Test worker] INFO com.codeborne.selenide.webdriver.WebDriverFactory - BrowserName=chrome Version=115.0.5790.110 Platform=windows
[Test worker] INFO com.codeborne.selenide.webdriver.WebDriverFactory - Selenide v. 6.16.0
[Test worker] INFO com.codeborne.selenide.webdriver.WebDriverFactory - Selenium WebDriver v. 4.10.0 build revision: c14d967899
[Test worker] INFO com.codeborne.selenide.drivercommands.CreateDriverCommand - Created webdriver in thread 1: ChromeDriver -> ChromeDriver: chrome on windows (38eb22fe3dce6ad00f24c82c91995000)
[Test worker] INFO com.codeborne.selenide.drivercommands.DisposablesRegistry - Register WebDriverInstance[config=StaticConfig,webDriver=ChromeDriver: chrome on windows (38eb22fe3dce6ad00f24c82c91995000),proxy=null,downloadsFolder=C:\Users\Igor\IdeaProjects\LoanCalculator\build\downloads\1691019326437_22884_1] in 1 [size=1]
[Test worker] INFO com.codeborne.selenide.drivercommands.DisposablesRegistry - Add shutdown hook in 1 [size=1]
[Test worker] INFO com.codeborne.selenide.logevents.SimpleReport - Report for [engine:junit-jupiter]/[class:com.bigbank.loan.calc.LoanCalculatorBoundaryTest]/[method:shouldHandleMaxValues()]
+---------------------------------------------------------+----------------------------------+------------+------------+
| Element                                                 | Subject                          | Status     | ms.        |
+---------------------------------------------------------+----------------------------------+------------+------------+
| open                                                    | https://laenutaotlus.bigbank.ee/ | PASS       | 3568       |
|   webdriver                                             | create()                         | PASS       | 2490       |
| By.name: header-calculator-amount                       | double click()                   | PASS       | 252        |
| By.name: header-calculator-amount                       | send keys(?)                     | PASS       | 36         |
| By.name: header-calculator-amount                       | set value(30000)                 | PASS       | 87         |
| By.name: header-calculator-period                       | double click()                   | PASS       | 176        |
| By.name: header-calculator-period                       | send keys(?)                     | PASS       | 25         |
| By.name: header-calculator-period                       | set value(120)                   | PASS       | 76         |
| .bb-labeled-value__value                                | click()                          | PASS       | 824        |
| .bb-calculator-modal__submit-button > .bb-button__label | click()                          | PASS       | 67         |
| By.name: header-calculator-amount                       | get value()                      | PASS       | 19         |
| By.name: header-calculator-period                       | get value()                      | PASS       | 18         |
+---------------------------------------------------------+----------------------------------+------------+------------+

[Test worker] INFO com.codeborne.selenide.logevents.SimpleReport - Report for [engine:junit-jupiter]/[class:com.bigbank.loan.calc.LoanCalculatorBoundaryTest]/[method:shouldHandleBiggerValues()]
+-----------------------------------+----------------------------------+------------+------------+
| Element                           | Subject                          | Status     | ms.        |
+-----------------------------------+----------------------------------+------------+------------+
| open                              | https://laenutaotlus.bigbank.ee/ | PASS       | 297        |
| By.name: header-calculator-amount | double click()                   | PASS       | 372        |
| By.name: header-calculator-amount | send keys(?)                     | PASS       | 23         |
| By.name: header-calculator-amount | set value(2400000)               | PASS       | 73         |
| By.name: header-calculator-period | double click()                   | PASS       | 157        |
| By.name: header-calculator-period | send keys(?)                     | PASS       | 24         |
| By.name: header-calculator-period | set value(2000)                  | PASS       | 83         |
| .bb-labeled-value__value          | click()                          | PASS       | 769        |
| By.name: header-calculator-amount | get value()                      | PASS       | 15         |
| By.name: header-calculator-period | get value()                      | PASS       | 14         |
+-----------------------------------+----------------------------------+------------+------------+

[Test worker] INFO com.codeborne.selenide.logevents.SimpleReport - Report for [engine:junit-jupiter]/[class:com.bigbank.loan.calc.LoanCalculatorBoundaryTest]/[method:shouldHandleMinValues()]
+---------------------------------------------------------+----------------------------------+------------+------------+
| Element                                                 | Subject                          | Status     | ms.        |
+---------------------------------------------------------+----------------------------------+------------+------------+
| open                                                    | https://laenutaotlus.bigbank.ee/ | PASS       | 249        |
| By.name: header-calculator-amount                       | double click()                   | PASS       | 386        |
| By.name: header-calculator-amount                       | send keys(?)                     | PASS       | 23         |
| By.name: header-calculator-amount                       | set value(500)                   | PASS       | 62         |
| By.name: header-calculator-period                       | double click()                   | PASS       | 169        |
| By.name: header-calculator-period                       | send keys(?)                     | PASS       | 21         |
| By.name: header-calculator-period                       | set value(6)                     | PASS       | 82         |
| .bb-labeled-value__value                                | click()                          | PASS       | 789        |
| .bb-calculator-modal__submit-button > .bb-button__label | click()                          | PASS       | 49         |
| By.name: header-calculator-amount                       | get value()                      | PASS       | 17         |
| By.name: header-calculator-period                       | get value()                      | PASS       | 14         |
+---------------------------------------------------------+----------------------------------+------------+------------+

[Test worker] INFO com.codeborne.selenide.logevents.SimpleReport - Report for [engine:junit-jupiter]/[class:com.bigbank.loan.calc.LoanCalculatorBoundaryTest]/[method:shouldHandleSmallerValues()]
+-----------------------------------+----------------------------------+------------+------------+
| Element                           | Subject                          | Status     | ms.        |
+-----------------------------------+----------------------------------+------------+------------+
| open                              | https://laenutaotlus.bigbank.ee/ | PASS       | 214        |
| By.name: header-calculator-amount | double click()                   | PASS       | 379        |
| By.name: header-calculator-amount | send keys(?)                     | PASS       | 21         |
| By.name: header-calculator-amount | set value(400)                   | PASS       | 65         |
| By.name: header-calculator-period | double click()                   | PASS       | 162        |
| By.name: header-calculator-period | send keys(?)                     | PASS       | 23         |
| By.name: header-calculator-period | set value(4)                     | PASS       | 73         |
| .bb-labeled-value__value          | click()                          | PASS       | 47         |
| By.name: header-calculator-amount | get value()                      | PASS       | 37         |
| By.name: header-calculator-period | get value()                      | PASS       | 13         |
+-----------------------------------+----------------------------------+------------+------------+

]]></system-err>
</testsuite>
