<?xml version="1.0" encoding="UTF-8"?>
<testsuite name="com.bigbank.loan.calc.LoanCalculatorTest" tests="1" skipped="0" failures="0" errors="0" timestamp="2023-08-02T21:42:12" hostname="DESKTOP-Q4QNSOT" time="13.676">
  <properties/>
  <testcase name="shouldRetainSavedValuesOnClosureWithSave()" classname="com.bigbank.loan.calc.LoanCalculatorTest" time="13.676"/>
  <system-out><![CDATA[]]></system-out>
  <system-err><![CDATA[[Test worker] INFO com.codeborne.selenide.impl.WebDriverThreadLocalContainer - No webdriver is bound to current thread: 1 - let's create a new webdriver
[Test worker] INFO com.codeborne.selenide.impl.FileHelper - Creating folder: C:\Users\Igor\IdeaProjects\LoanCalculator\build\downloads\1691012532057_27792_1
[Test worker] INFO io.github.bonigarcia.wdm.WebDriverManager - Using chromedriver 115.0.5790.102 (resolved driver for Chrome 115)
[Test worker] INFO io.github.bonigarcia.wdm.WebDriverManager - Exporting webdriver.chrome.driver as C:\Users\Igor\.cache\selenium\chromedriver\win64\115.0.5790.102\chromedriver.exe
Aug 03, 2023 12:42:12 AM org.openqa.selenium.remote.service.DriverService$Builder getLogOutput
INFO: Driver logs no longer sent to console by default; https://www.selenium.dev/documentation/webdriver/drivers/service/#setting-log-output
[Test worker] INFO com.codeborne.selenide.webdriver.SelenideNettyClientFactory - Changed readTimeout from PT3M to PT1M30S
[Test worker] INFO com.codeborne.selenide.webdriver.SelenideNettyClientFactory - Changed readTimeout from PT3M to PT1M30S
[Test worker] INFO com.codeborne.selenide.webdriver.SelenideNettyClientFactory - Changed readTimeout from PT3M to PT1M30S
Aug 03, 2023 12:42:14 AM org.openqa.selenium.devtools.CdpVersionFinder findNearestMatch
WARNING: Unable to find an exact match for CDP version 115, so returning the closest version found: 114
[Test worker] INFO com.codeborne.selenide.webdriver.WebDriverFactory - BrowserName=chrome Version=115.0.5790.110 Platform=windows
[Test worker] INFO com.codeborne.selenide.webdriver.WebDriverFactory - Selenide v. 6.16.0
[Test worker] INFO com.codeborne.selenide.webdriver.WebDriverFactory - Selenium WebDriver v. 4.10.0 build revision: c14d967899
[Test worker] INFO com.codeborne.selenide.drivercommands.CreateDriverCommand - Created webdriver in thread 1: ChromeDriver -> ChromeDriver: chrome on windows (d5b6a94a632e3f1d95902efb4f0e01a1)
[Test worker] INFO com.codeborne.selenide.drivercommands.DisposablesRegistry - Register WebDriverInstance[config=StaticConfig,webDriver=ChromeDriver: chrome on windows (d5b6a94a632e3f1d95902efb4f0e01a1),proxy=null,downloadsFolder=C:\Users\Igor\IdeaProjects\LoanCalculator\build\downloads\1691012532057_27792_1] in 1 [size=1]
[Test worker] INFO com.codeborne.selenide.drivercommands.DisposablesRegistry - Add shutdown hook in 1 [size=1]
[Test worker] INFO com.codeborne.selenide.logevents.SimpleReport - Report for [engine:junit-jupiter]/[class:com.bigbank.loan.calc.LoanCalculatorTest]/[method:shouldRetainSavedValuesOnClosureWithSave()]
+---------------------------------------------------------+----------------------------------+------------+------------+
| Element                                                 | Subject                          | Status     | ms.        |
+---------------------------------------------------------+----------------------------------+------------+------------+
| open                                                    | https://laenutaotlus.bigbank.ee/ | PASS       | 3450       |
|   webdriver                                             | create()                         | PASS       | 2368       |
| By.name: header-calculator-amount                       | double click()                   | PASS       | 245        |
| By.name: header-calculator-amount                       | send keys()                     | PASS       | 36         |
| By.name: header-calculator-amount                       | set value(16500)                 | PASS       | 92         |
| By.name: header-calculator-period                       | double click()                   | PASS       | 180        |
| By.name: header-calculator-period                       | send keys()                     | PASS       | 23         |
| By.name: header-calculator-period                       | set value(24)                    | PASS       | 76         |
| .bb-labeled-value__value                                | click()                          | PASS       | 925        |
| .bb-labeled-value__value                                | should have(text "€")            | PASS       | 22         |
| .bb-labeled-value__value                                | get text()                       | PASS       | 19         |
| .bb-calculator-modal__submit-button > .bb-button__label | click()                          | PASS       | 53         |
| .bb-edit-amount__amount                                 | click()                          | PASS       | 292        |
| By.name: header-calculator-amount                       | get value()                      | PASS       | 45         |
| By.name: header-calculator-period                       | get value()                      | PASS       | 20         |
| .bb-labeled-value__value                                | should have(text "€")            | PASS       | 20         |
| .bb-labeled-value__value                                | get text()                       | PASS       | 15         |
+---------------------------------------------------------+----------------------------------+------------+------------+

]]></system-err>
</testsuite>
